Compiling...
rm -f main walltime.o   stats.o   data.o   operators.o   linalg.o   main.o output.*
/apps/spack/opt/spack/linux-oracle8-haswell/gcc-8.5.0/gcc-13.2.0-5hqhkwos6l3mv7jxsxpwiab7zpjpimxr/bin/g++ -O3 -fopenmp -c walltime.cpp
/apps/spack/opt/spack/linux-oracle8-haswell/gcc-8.5.0/gcc-13.2.0-5hqhkwos6l3mv7jxsxpwiab7zpjpimxr/bin/g++ -O3 -fopenmp -c stats.cpp
/apps/spack/opt/spack/linux-oracle8-haswell/gcc-8.5.0/gcc-13.2.0-5hqhkwos6l3mv7jxsxpwiab7zpjpimxr/bin/g++ -O3 -fopenmp -c data.cpp
/apps/spack/opt/spack/linux-oracle8-haswell/gcc-8.5.0/gcc-13.2.0-5hqhkwos6l3mv7jxsxpwiab7zpjpimxr/bin/g++ -O3 -fopenmp -c operators.cpp
/apps/spack/opt/spack/linux-oracle8-haswell/gcc-8.5.0/gcc-13.2.0-5hqhkwos6l3mv7jxsxpwiab7zpjpimxr/bin/g++ -O3 -fopenmp -c linalg.cpp
/apps/spack/opt/spack/linux-oracle8-haswell/gcc-8.5.0/gcc-13.2.0-5hqhkwos6l3mv7jxsxpwiab7zpjpimxr/bin/g++ -O3 -fopenmp -c main.cpp
/apps/spack/opt/spack/linux-oracle8-haswell/gcc-8.5.0/gcc-13.2.0-5hqhkwos6l3mv7jxsxpwiab7zpjpimxr/bin/g++ -O3 -fopenmp walltime.o   stats.o   data.o   operators.o   linalg.o   main.o -o main
Processing base resolution 64x64
Running 64x64 grid on 1 threads...
Running 91.0088x91.0088 grid on 2 threads...
Running 128.5x128.5 grid on 4 threads...
Running 181.5176x181.5176 grid on 8 threads...
Running 256.5x256.5 grid on 16 threads...
Processing base resolution 128x128
Running 128x128 grid on 1 threads...
Running 181.5176x181.5176 grid on 2 threads...
Running 256.5x256.5 grid on 4 threads...
Running 362.5352x362.5352 grid on 8 threads...
Running 512.5x512.5 grid on 16 threads...
Processing base resolution 256x256
Running 256x256 grid on 1 threads...
Running 362.5352x362.5352 grid on 2 threads...
Running 512.5x512.5 grid on 4 threads...
Running 724.5704x724.5704 grid on 8 threads...
Running 1024.5x1024.5 grid on 16 threads...
