Currently Loaded Modulefiles:
 1) gcc-runtime/8.5.0-gcc-8.5.0-7fyorqa          
 2) gmp/6.2.1-gcc-8.5.0-lrpcvy5                  
 3) mpfr/4.2.1-gcc-8.5.0-ybeybcx                 
 4) mpc/1.3.1-gcc-8.5.0-cv2gjfw                  
 5) zlib-ng/2.1.6-gcc-8.5.0-ztbc5xt              
 6) zstd/1.5.5-gcc-8.5.0-azepnn7                 
 7) gcc/13.2.0-gcc-8.5.0-5hqhkwo                 
 8) intel/2024.1.0                               
 9) libpciaccess/0.17-gcc-8.5.0-ng764nd          
10) libiconv/1.17-gcc-8.5.0-rznbc3y              
11) xz/5.4.6-gcc-8.5.0-lmjjipf                   
12) libxml2/2.10.3-gcc-8.5.0-7kur2mf             
13) ncurses/6.4-gcc-8.5.0-njp6ntc                
14) hwloc/2.9.1-gcc-8.5.0-adhoagt                
15) intel-tbb/2021.9.0-gcc-8.5.0-momvuhw         
16) intel-oneapi-mkl/2024.0.0-gcc-8.5.0-3sxfbl3  
==== benchmark-naive ======================
# Description:	Naive, three-loop dgemm.

Size:       31	Gflop/s:     1.56	Percentage:    4.24
Size:       32	Gflop/s:     1.40	Percentage:    3.79
Size:       96	Gflop/s:     1.13	Percentage:    3.07
Size:       97	Gflop/s:     1.25	Percentage:    3.39
Size:      127	Gflop/s:     1.19	Percentage:    3.24
Size:      128	Gflop/s:     1.07	Percentage:    2.90
Size:      129	Gflop/s:     1.19	Percentage:    3.24
Size:      191	Gflop/s:     1.11	Percentage:    3.00
Size:      192	Gflop/s:     1.06	Percentage:    2.89
Size:      229	Gflop/s:     1.09	Percentage:    2.97
Size:      255	Gflop/s:     1.09	Percentage:    2.95
Size:      256	Gflop/s:     0.75	Percentage:    2.03
Size:      257	Gflop/s:     1.09	Percentage:    2.95
Size:      319	Gflop/s:     1.06	Percentage:    2.89
Size:      320	Gflop/s:     1.05	Percentage:    2.84
Size:      321	Gflop/s:     1.06	Percentage:    2.89
Size:      417	Gflop/s:     1.06	Percentage:    2.88
Size:      479	Gflop/s:     1.06	Percentage:    2.87
Size:      480	Gflop/s:     1.05	Percentage:    2.84
Size:      511	Gflop/s:     1.05	Percentage:    2.86
Size:      512	Gflop/s:     0.63	Percentage:    1.71
Size:      639	Gflop/s:     1.05	Percentage:    2.85
Size:      640	Gflop/s:     0.78	Percentage:    2.11
Size:      767	Gflop/s:     1.05	Percentage:    2.85
Size:      768	Gflop/s:     0.76	Percentage:    2.07
Size:      769	Gflop/s:     1.05	Percentage:    2.85
Size:      800	Gflop/s:     1.04	Percentage:    2.83
Size:      900	Gflop/s:     1.05	Percentage:    2.84
Size:     1000	Gflop/s:     1.04	Percentage:    2.84
Size:     1100	Gflop/s:     1.04	Percentage:    2.83
Size:     1200	Gflop/s:     1.04	Percentage:    2.83
# Average percentage of peak performance = 2.88289

==== benchmark-blas =======================
# Description:	Reference dgemm.

Size:       31	Gflop/s:    25.51	Percentage:   69.33
Size:       32	Gflop/s:    28.19	Percentage:   76.60
Size:       96	Gflop/s:    32.15	Percentage:   87.37
Size:       97	Gflop/s:    31.44	Percentage:   85.43
Size:      127	Gflop/s:    30.01	Percentage:   81.54
Size:      128	Gflop/s:    31.56	Percentage:   85.77
Size:      129	Gflop/s:    31.17	Percentage:   84.71
Size:      191	Gflop/s:    31.95	Percentage:   86.81
Size:      192	Gflop/s:    34.53	Percentage:   93.84
Size:      229	Gflop/s:    34.38	Percentage:   93.43
Size:      255	Gflop/s:    33.62	Percentage:   91.36
Size:      256	Gflop/s:    34.60	Percentage:   94.03
Size:      257	Gflop/s:    33.43	Percentage:   90.84
Size:      319	Gflop/s:    34.14	Percentage:   92.77
Size:      320	Gflop/s:    35.50	Percentage:   96.46
Size:      321	Gflop/s:    35.22	Percentage:   95.70
Size:      417	Gflop/s:    35.91	Percentage:   97.59
Size:      479	Gflop/s:    35.98	Percentage:   97.78
Size:      480	Gflop/s:    37.09	Percentage:  100.79
Size:      511	Gflop/s:    35.07	Percentage:   95.31
Size:      512	Gflop/s:    35.28	Percentage:   95.86
Size:      639	Gflop/s:    36.78	Percentage:   99.94
Size:      640	Gflop/s:    37.23	Percentage:  101.16
Size:      767	Gflop/s:    36.92	Percentage:  100.33
Size:      768	Gflop/s:    37.68	Percentage:  102.38
Size:      769	Gflop/s:    36.65	Percentage:   99.60
Size:      800	Gflop/s:    37.75	Percentage:  102.58
Size:      900	Gflop/s:    37.81	Percentage:  102.74
Size:     1000	Gflop/s:    37.78	Percentage:  102.66
Size:     1100	Gflop/s:    37.35	Percentage:  101.50
Size:     1200	Gflop/s:    37.65	Percentage:  102.31
# Average percentage of peak performance = 93.8228

==== benchmark-blocked ====================
# Description:	Blocked dgemm.

Size:       31	Gflop/s:     4.49	Percentage:   12.19
Size:       32	Gflop/s:     6.37	Percentage:   17.30
Size:       96	Gflop/s:     5.94	Percentage:   16.14
Size:       97	Gflop/s:     6.18	Percentage:   16.81
Size:      127	Gflop/s:     6.03	Percentage:   16.38
Size:      128	Gflop/s:     6.31	Percentage:   17.15
Size:      129	Gflop/s:     6.38	Percentage:   17.33
Size:      191	Gflop/s:     5.91	Percentage:   16.06
Size:      192	Gflop/s:     5.90	Percentage:   16.03
Size:      229	Gflop/s:     5.95	Percentage:   16.18
Size:      255	Gflop/s:     5.95	Percentage:   16.16
Size:      256	Gflop/s:     5.82	Percentage:   15.82
Size:      257	Gflop/s:     5.94	Percentage:   16.15
Size:      319	Gflop/s:     5.96	Percentage:   16.20
Size:      320	Gflop/s:     5.93	Percentage:   16.13
Size:      321	Gflop/s:     6.04	Percentage:   16.40
Size:      417	Gflop/s:     6.07	Percentage:   16.51
Size:      479	Gflop/s:     6.04	Percentage:   16.42
Size:      480	Gflop/s:     5.94	Percentage:   16.15
Size:      511	Gflop/s:     6.04	Percentage:   16.42
Size:      512	Gflop/s:     5.85	Percentage:   15.89
Size:      639	Gflop/s:     6.06	Percentage:   16.46
Size:      640	Gflop/s:     5.99	Percentage:   16.27
Size:      767	Gflop/s:     6.08	Percentage:   16.53
Size:      768	Gflop/s:     6.00	Percentage:   16.30
Size:      769	Gflop/s:     6.10	Percentage:   16.57
Size:      800	Gflop/s:     5.96	Percentage:   16.19
Size:      900	Gflop/s:     5.96	Percentage:   16.18
Size:     1000	Gflop/s:     5.97	Percentage:   16.21
Size:     1100	Gflop/s:     5.63	Percentage:   15.29
Size:     1200	Gflop/s:     5.43	Percentage:   14.77
# Average percentage of peak performance = 16.1474

==== plot results =========================
