Currently Loaded Modulefiles:
 1) gcc-runtime/8.5.0-gcc-8.5.0-7fyorqa          
 2) gmp/6.2.1-gcc-8.5.0-lrpcvy5                  
 3) mpfr/4.2.1-gcc-8.5.0-ybeybcx                 
 4) mpc/1.3.1-gcc-8.5.0-cv2gjfw                  
 5) zlib-ng/2.1.6-gcc-8.5.0-ztbc5xt              
 6) zstd/1.5.5-gcc-8.5.0-azepnn7                 
 7) gcc/13.2.0-gcc-8.5.0-5hqhkwo                 
 8) intel/2024.1.0                               
 9) libpciaccess/0.17-gcc-8.5.0-ng764nd          
10) libiconv/1.17-gcc-8.5.0-rznbc3y              
11) xz/5.4.6-gcc-8.5.0-lmjjipf                   
12) libxml2/2.10.3-gcc-8.5.0-7kur2mf             
13) ncurses/6.4-gcc-8.5.0-njp6ntc                
14) hwloc/2.9.1-gcc-8.5.0-adhoagt                
15) intel-tbb/2021.9.0-gcc-8.5.0-momvuhw         
16) intel-oneapi-mkl/2024.0.0-gcc-8.5.0-3sxfbl3  
==== benchmark-naive ======================
# Description:	Naive, three-loop dgemm.

Size:       31	Gflop/s:     1.56	Percentage:    4.24
Size:       32	Gflop/s:     1.39	Percentage:    3.78
Size:       96	Gflop/s:     1.13	Percentage:    3.06
Size:       97	Gflop/s:     1.25	Percentage:    3.39
Size:      127	Gflop/s:     1.19	Percentage:    3.24
Size:      128	Gflop/s:     1.06	Percentage:    2.89
Size:      129	Gflop/s:     1.19	Percentage:    3.24
Size:      191	Gflop/s:     1.11	Percentage:    3.01
Size:      192	Gflop/s:     1.07	Percentage:    2.90
Size:      229	Gflop/s:     1.09	Percentage:    2.97
Size:      255	Gflop/s:     1.09	Percentage:    2.96
Size:      256	Gflop/s:     0.76	Percentage:    2.06
Size:      257	Gflop/s:     1.08	Percentage:    2.93
Size:      319	Gflop/s:     1.06	Percentage:    2.89
Size:      320	Gflop/s:     1.05	Percentage:    2.86
Size:      321	Gflop/s:     1.06	Percentage:    2.89
Size:      417	Gflop/s:     1.06	Percentage:    2.88
Size:      479	Gflop/s:     1.06	Percentage:    2.87
Size:      480	Gflop/s:     1.05	Percentage:    2.85
Size:      511	Gflop/s:     1.05	Percentage:    2.86
Size:      512	Gflop/s:     0.65	Percentage:    1.76
Size:      639	Gflop/s:     1.05	Percentage:    2.85
Size:      640	Gflop/s:     0.78	Percentage:    2.12
Size:      767	Gflop/s:     1.05	Percentage:    2.85
Size:      768	Gflop/s:     0.76	Percentage:    2.08
Size:      769	Gflop/s:     1.05	Percentage:    2.85
Size:      800	Gflop/s:     1.04	Percentage:    2.83
Size:      900	Gflop/s:     1.05	Percentage:    2.84
Size:     1000	Gflop/s:     1.04	Percentage:    2.84
Size:     1100	Gflop/s:     1.04	Percentage:    2.83
Size:     1200	Gflop/s:     1.04	Percentage:    2.83
# Average percentage of peak performance = 2.8859

==== benchmark-blas =======================
# Description:	Reference dgemm.

Size:       31	Gflop/s:    25.57	Percentage:   69.47
Size:       32	Gflop/s:    28.21	Percentage:   76.65
Size:       96	Gflop/s:    32.22	Percentage:   87.55
Size:       97	Gflop/s:    31.30	Percentage:   85.07
Size:      127	Gflop/s:    29.93	Percentage:   81.33
Size:      128	Gflop/s:    31.64	Percentage:   85.97
Size:      129	Gflop/s:    31.21	Percentage:   84.81
Size:      191	Gflop/s:    31.99	Percentage:   86.92
Size:      192	Gflop/s:    34.55	Percentage:   93.88
Size:      229	Gflop/s:    34.35	Percentage:   93.35
Size:      255	Gflop/s:    33.57	Percentage:   91.23
Size:      256	Gflop/s:    34.59	Percentage:   93.99
Size:      257	Gflop/s:    33.46	Percentage:   90.94
Size:      319	Gflop/s:    34.14	Percentage:   92.77
Size:      320	Gflop/s:    35.51	Percentage:   96.49
Size:      321	Gflop/s:    35.22	Percentage:   95.71
Size:      417	Gflop/s:    35.89	Percentage:   97.53
Size:      479	Gflop/s:    35.92	Percentage:   97.62
Size:      480	Gflop/s:    37.04	Percentage:  100.65
Size:      511	Gflop/s:    34.98	Percentage:   95.04
Size:      512	Gflop/s:    35.26	Percentage:   95.82
Size:      639	Gflop/s:    36.79	Percentage:   99.97
Size:      640	Gflop/s:    37.25	Percentage:  101.21
Size:      767	Gflop/s:    36.89	Percentage:  100.24
Size:      768	Gflop/s:    37.64	Percentage:  102.28
Size:      769	Gflop/s:    36.64	Percentage:   99.57
Size:      800	Gflop/s:    37.74	Percentage:  102.55
Size:      900	Gflop/s:    37.72	Percentage:  102.51
Size:     1000	Gflop/s:    37.73	Percentage:  102.54
Size:     1100	Gflop/s:    37.47	Percentage:  101.81
Size:     1200	Gflop/s:    37.68	Percentage:  102.39
# Average percentage of peak performance = 93.8017

==== benchmark-blocked ====================
# Description:	Blocked dgemm.

Size:       31	Gflop/s:     4.41	Percentage:   11.98
Size:       32	Gflop/s:     5.82	Percentage:   15.82
Size:       96	Gflop/s:     6.27	Percentage:   17.03
Size:       97	Gflop/s:     6.35	Percentage:   17.27
Size:      127	Gflop/s:     6.21	Percentage:   16.87
Size:      128	Gflop/s:     6.55	Percentage:   17.80
Size:      129	Gflop/s:     6.58	Percentage:   17.88
Size:      191	Gflop/s:     6.17	Percentage:   16.77
Size:      192	Gflop/s:     6.22	Percentage:   16.91
Size:      229	Gflop/s:     6.28	Percentage:   17.05
Size:      255	Gflop/s:     6.26	Percentage:   17.00
Size:      256	Gflop/s:     6.00	Percentage:   16.31
Size:      257	Gflop/s:     6.14	Percentage:   16.68
Size:      319	Gflop/s:     6.24	Percentage:   16.95
Size:      320	Gflop/s:     6.16	Percentage:   16.74
Size:      321	Gflop/s:     6.33	Percentage:   17.20
Size:      417	Gflop/s:     6.38	Percentage:   17.35
Size:      479	Gflop/s:     6.33	Percentage:   17.21
Size:      480	Gflop/s:     6.22	Percentage:   16.91
Size:      511	Gflop/s:     6.35	Percentage:   17.25
Size:      512	Gflop/s:     6.19	Percentage:   16.83
Size:      639	Gflop/s:     6.40	Percentage:   17.40
Size:      640	Gflop/s:     6.26	Percentage:   17.00
Size:      767	Gflop/s:     6.44	Percentage:   17.51
Size:      768	Gflop/s:     6.26	Percentage:   17.02
Size:      769	Gflop/s:     6.46	Percentage:   17.55
Size:      800	Gflop/s:     6.28	Percentage:   17.07
Size:      900	Gflop/s:     6.29	Percentage:   17.09
Size:     1000	Gflop/s:     6.30	Percentage:   17.12
Size:     1100	Gflop/s:     5.88	Percentage:   15.97
Size:     1200	Gflop/s:     5.68	Percentage:   15.43
# Average percentage of peak performance = 16.8045

==== plot results =========================
